<?xml version="1.0" encoding="UTF-8"?>
<testsuite name="com.codecrafters.server.TodoItemRepositoryIntegrationTest" tests="2" skipped="0" failures="0" errors="0" timestamp="2017-12-04T17:30:15" hostname="noteLogic" time="5.428">
  <properties/>
  <testcase name="Save a todo item" classname="com.codecrafters.server.TodoItemRepositoryIntegrationTest" time="5.392"/>
  <testcase name="Find a todo item by containing text" classname="com.codecrafters.server.TodoItemRepositoryIntegrationTest" time="0.036"/>
  <system-out><![CDATA[15:30:15.220 [Test worker] DEBUG org.springframework.test.annotation.ProfileValueUtils - Retrieved @ProfileValueSourceConfiguration [null] for test class [com.codecrafters.server.TodoItemRepositoryIntegrationTest]
15:30:15.221 [Test worker] DEBUG org.springframework.test.annotation.ProfileValueUtils - Retrieved ProfileValueSource type [class org.springframework.test.annotation.SystemProfileValueSource] for class [com.codecrafters.server.TodoItemRepositoryIntegrationTest]
15:30:15.222 [Test worker] DEBUG org.springframework.test.annotation.ProfileValueUtils - Retrieved @ProfileValueSourceConfiguration [null] for test class [com.codecrafters.server.TodoItemRepositoryIntegrationTest]
15:30:15.222 [Test worker] DEBUG org.springframework.test.annotation.ProfileValueUtils - Retrieved ProfileValueSource type [class org.springframework.test.annotation.SystemProfileValueSource] for class [com.codecrafters.server.TodoItemRepositoryIntegrationTest]
15:30:15.223 [Test worker] DEBUG org.springframework.test.annotation.ProfileValueUtils - Retrieved @ProfileValueSourceConfiguration [null] for test class [com.codecrafters.server.TodoItemRepositoryIntegrationTest]
15:30:15.223 [Test worker] DEBUG org.springframework.test.annotation.ProfileValueUtils - Retrieved ProfileValueSource type [class org.springframework.test.annotation.SystemProfileValueSource] for class [com.codecrafters.server.TodoItemRepositoryIntegrationTest]
15:30:15.239 [Test worker] DEBUG org.springframework.test.context.BootstrapUtils - Instantiating CacheAwareContextLoaderDelegate from class [org.springframework.test.context.cache.DefaultCacheAwareContextLoaderDelegate]
15:30:15.244 [Test worker] DEBUG org.springframework.test.context.BootstrapUtils - Instantiating BootstrapContext using constructor [public org.springframework.test.context.support.DefaultBootstrapContext(java.lang.Class,org.springframework.test.context.CacheAwareContextLoaderDelegate)]
15:30:15.246 [Test worker] DEBUG org.springframework.test.context.BootstrapUtils - Instantiating TestContextBootstrapper for test class [com.codecrafters.server.TodoItemRepositoryIntegrationTest] from class [org.springframework.boot.test.context.SpringBootTestContextBootstrapper]
15:30:15.256 [Test worker] INFO org.springframework.boot.test.context.SpringBootTestContextBootstrapper - Neither @ContextConfiguration nor @ContextHierarchy found for test class [com.codecrafters.server.TodoItemRepositoryIntegrationTest], using SpringBootContextLoader
15:30:15.260 [Test worker] DEBUG org.springframework.test.context.support.AbstractContextLoader - Did not detect default resource location for test class [com.codecrafters.server.TodoItemRepositoryIntegrationTest]: class path resource [com/codecrafters/server/TodoItemRepositoryIntegrationTest-context.xml] does not exist
15:30:15.261 [Test worker] DEBUG org.springframework.test.context.support.AbstractContextLoader - Did not detect default resource location for test class [com.codecrafters.server.TodoItemRepositoryIntegrationTest]: class path resource [com/codecrafters/server/TodoItemRepositoryIntegrationTestContext.groovy] does not exist
15:30:15.262 [Test worker] INFO org.springframework.test.context.support.AbstractContextLoader - Could not detect default resource locations for test class [com.codecrafters.server.TodoItemRepositoryIntegrationTest]: no resource found for suffixes {-context.xml, Context.groovy}.
15:30:15.263 [Test worker] INFO org.springframework.test.context.support.AnnotationConfigContextLoaderUtils - Could not detect default configuration classes for test class [com.codecrafters.server.TodoItemRepositoryIntegrationTest]: TodoItemRepositoryIntegrationTest does not declare any static, non-private, non-final, nested classes annotated with @Configuration.
15:30:15.304 [Test worker] DEBUG org.springframework.core.env.StandardEnvironment - Adding [systemProperties] PropertySource with lowest search precedence
15:30:15.305 [Test worker] DEBUG org.springframework.core.env.StandardEnvironment - Adding [systemEnvironment] PropertySource with lowest search precedence
15:30:15.305 [Test worker] DEBUG org.springframework.core.env.StandardEnvironment - Initialized StandardEnvironment with PropertySources [systemProperties,systemEnvironment]
15:30:15.316 [Test worker] DEBUG org.springframework.core.io.support.PathMatchingResourcePatternResolver - Resolved classpath location [com/codecrafters/server/] to resources [URL [file:/home/logic/teste/spring-boot-server/build/classes/groovy/test/com/codecrafters/server/], URL [file:/home/logic/teste/spring-boot-server/build/classes/java/main/com/codecrafters/server/]]
15:30:15.316 [Test worker] DEBUG org.springframework.core.io.support.PathMatchingResourcePatternResolver - Looking for matching resources in directory tree [/home/logic/teste/spring-boot-server/build/classes/groovy/test/com/codecrafters/server]
15:30:15.317 [Test worker] DEBUG org.springframework.core.io.support.PathMatchingResourcePatternResolver - Searching directory [/home/logic/teste/spring-boot-server/build/classes/groovy/test/com/codecrafters/server] for files matching pattern [/home/logic/teste/spring-boot-server/build/classes/groovy/test/com/codecrafters/server/*.class]
15:30:15.321 [Test worker] DEBUG org.springframework.core.io.support.PathMatchingResourcePatternResolver - Looking for matching resources in directory tree [/home/logic/teste/spring-boot-server/build/classes/java/main/com/codecrafters/server]
15:30:15.321 [Test worker] DEBUG org.springframework.core.io.support.PathMatchingResourcePatternResolver - Searching directory [/home/logic/teste/spring-boot-server/build/classes/java/main/com/codecrafters/server] for files matching pattern [/home/logic/teste/spring-boot-server/build/classes/java/main/com/codecrafters/server/*.class]
15:30:15.322 [Test worker] DEBUG org.springframework.core.io.support.PathMatchingResourcePatternResolver - Resolved location pattern [classpath*:com/codecrafters/server/*.class] to resources [file [/home/logic/teste/spring-boot-server/build/classes/groovy/test/com/codecrafters/server/ScheduledDatabaseResetTaskTest.class], file [/home/logic/teste/spring-boot-server/build/classes/groovy/test/com/codecrafters/server/TodoItemRepositoryIntegrationTest.class], file [/home/logic/teste/spring-boot-server/build/classes/groovy/test/com/codecrafters/server/TodoItemRestControllerIntegrationTest$1.class], file [/home/logic/teste/spring-boot-server/build/classes/groovy/test/com/codecrafters/server/TodoItemRestControllerIntegrationTest$2.class], file [/home/logic/teste/spring-boot-server/build/classes/groovy/test/com/codecrafters/server/TodoItemRestControllerIntegrationTest$3.class], file [/home/logic/teste/spring-boot-server/build/classes/groovy/test/com/codecrafters/server/TodoItemRestControllerIntegrationTest.class], file [/home/logic/teste/spring-boot-server/build/classes/java/main/com/codecrafters/server/ScheduledDatabaseResetTask.class], file [/home/logic/teste/spring-boot-server/build/classes/java/main/com/codecrafters/server/SpringBootGwtApplication$1.class], file [/home/logic/teste/spring-boot-server/build/classes/java/main/com/codecrafters/server/SpringBootGwtApplication.class], file [/home/logic/teste/spring-boot-server/build/classes/java/main/com/codecrafters/server/SpringBootGwtProperties.class], file [/home/logic/teste/spring-boot-server/build/classes/java/main/com/codecrafters/server/TodoItem.class], file [/home/logic/teste/spring-boot-server/build/classes/java/main/com/codecrafters/server/TodoItemRepository.class], file [/home/logic/teste/spring-boot-server/build/classes/java/main/com/codecrafters/server/TodoItemRestController.class]]
15:30:15.385 [Test worker] DEBUG org.springframework.context.annotation.ClassPathScanningCandidateComponentProvider - Identified candidate component class: file [/home/logic/teste/spring-boot-server/build/classes/java/main/com/codecrafters/server/SpringBootGwtApplication.class]
15:30:15.396 [Test worker] INFO org.springframework.boot.test.context.SpringBootTestContextBootstrapper - Found @SpringBootConfiguration com.codecrafters.server.SpringBootGwtApplication for test class com.codecrafters.server.TodoItemRepositoryIntegrationTest
15:30:15.401 [Test worker] DEBUG org.springframework.boot.test.context.SpringBootTestContextBootstrapper - @TestExecutionListeners is not present for class [com.codecrafters.server.TodoItemRepositoryIntegrationTest]: using defaults.
15:30:15.405 [Test worker] INFO org.springframework.boot.test.context.SpringBootTestContextBootstrapper - Loaded default TestExecutionListener class names from location [META-INF/spring.factories]: [org.springframework.boot.test.autoconfigure.restdocs.RestDocsTestExecutionListener, org.springframework.boot.test.autoconfigure.web.client.MockRestServiceServerResetTestExecutionListener, org.springframework.boot.test.autoconfigure.web.servlet.MockMvcPrintOnlyOnFailureTestExecutionListener, org.springframework.boot.test.autoconfigure.web.servlet.WebDriverTestExecutionListener, org.springframework.boot.test.mock.mockito.MockitoTestExecutionListener, org.springframework.boot.test.mock.mockito.ResetMocksTestExecutionListener, org.springframework.test.context.web.ServletTestExecutionListener, org.springframework.test.context.support.DirtiesContextBeforeModesTestExecutionListener, org.springframework.test.context.support.DependencyInjectionTestExecutionListener, org.springframework.test.context.support.DirtiesContextTestExecutionListener, org.springframework.test.context.transaction.TransactionalTestExecutionListener, org.springframework.test.context.jdbc.SqlScriptsTestExecutionListener]
15:30:15.422 [Test worker] INFO org.springframework.boot.test.context.SpringBootTestContextBootstrapper - Using TestExecutionListeners: [org.springframework.test.context.web.ServletTestExecutionListener@748e6ebc, org.springframework.test.context.support.DirtiesContextBeforeModesTestExecutionListener@314de3fb, org.springframework.boot.test.autoconfigure.SpringBootDependencyInjectionTestExecutionListener@10292774, org.springframework.test.context.support.DirtiesContextTestExecutionListener@436cb530, org.springframework.test.context.transaction.TransactionalTestExecutionListener@4490d86f, org.springframework.test.context.jdbc.SqlScriptsTestExecutionListener@1a1ca93d, org.springframework.boot.test.autoconfigure.web.servlet.MockMvcPrintOnlyOnFailureTestExecutionListener@43573f8d, org.springframework.boot.test.autoconfigure.web.client.MockRestServiceServerResetTestExecutionListener@6534c7e2, org.springframework.boot.test.autoconfigure.restdocs.RestDocsTestExecutionListener@2725288b, org.springframework.boot.test.autoconfigure.web.servlet.WebDriverTestExecutionListener@588f2813, org.springframework.boot.test.mock.mockito.MockitoTestExecutionListener@22dedfd8, org.springframework.boot.test.mock.mockito.ResetMocksTestExecutionListener@619617b6]
15:30:15.430 [Test worker] DEBUG org.springframework.test.context.support.AbstractDirtiesContextTestExecutionListener - Before test class: context [DefaultTestContext@41ad6694 testClass = TodoItemRepositoryIntegrationTest, testInstance = [null], testMethod = [null], testException = [null], mergedContextConfiguration = [WebMergedContextConfiguration@736c4313 testClass = TodoItemRepositoryIntegrationTest, locations = '{}', classes = '{class com.codecrafters.server.SpringBootGwtApplication}', contextInitializerClasses = '[]', activeProfiles = '{test}', propertySourceLocations = '{}', propertySourceProperties = '{org.springframework.boot.test.context.SpringBootTestContextBootstrapper=true}', contextCustomizers = set[org.springframework.boot.test.autoconfigure.properties.PropertyMappingContextCustomizer@0, org.springframework.boot.test.autoconfigure.web.servlet.WebDriverContextCustomizerFactory$Customizer@7f2e7956, org.springframework.boot.test.context.SpringBootTestContextCustomizer@12e26862, org.springframework.boot.test.context.filter.ExcludeFilterContextCustomizer@4cc6586c, org.springframework.boot.test.json.DuplicateJsonObjectContextCustomizerFactory$DuplicateJsonObjectContextCustomizer@542d736a, org.springframework.boot.test.mock.mockito.MockitoContextCustomizer@0], resourceBasePath = 'src/main/webapp', contextLoader = 'org.springframework.boot.test.context.SpringBootContextLoader', parent = [null]]], class annotated with @DirtiesContext [false] with mode [null].
15:30:15.480 [Test worker] DEBUG org.springframework.core.env.StandardEnvironment - Adding [systemProperties] PropertySource with lowest search precedence
15:30:15.481 [Test worker] DEBUG org.springframework.core.env.StandardEnvironment - Adding [systemEnvironment] PropertySource with lowest search precedence
15:30:15.481 [Test worker] DEBUG org.springframework.core.env.StandardEnvironment - Initialized StandardEnvironment with PropertySources [systemProperties,systemEnvironment]
15:30:15.482 [Test worker] DEBUG org.springframework.core.env.StandardEnvironment - Adding [test] PropertySource with highest search precedence
15:30:15.483 [Test worker] DEBUG org.springframework.core.env.MutablePropertySources - Adding [inline] PropertySource with highest search precedence
15:30:15.488 [Test worker] DEBUG org.springframework.test.context.support.TestPropertySourceUtils - Adding inlined properties to environment: {spring.jmx.enabled=false, org.springframework.boot.test.context.SpringBootTestContextBootstrapper=true, server.port=-1}
15:30:15.488 [Test worker] DEBUG org.springframework.core.env.StandardEnvironment - Adding [Inlined Test Properties] PropertySource with highest search precedence

  .   ____          _            __ _ _
 /\\ / ___'_ __ _ _(_)_ __  __ _ \ \ \ \
( ( )\___ | '_ | '_| | '_ \/ _` | \ \ \ \
 \\/  ___)| |_)| | | | | || (_| |  ) ) ) )
  '  |____| .__|_| |_|_| |_\__, | / / / /
 =========|_|==============|___/=/_/_/_/
 :: Spring Boot ::        (v1.5.4.RELEASE)

2017-12-04 15:30:15.795  INFO 8293 --- [    Test worker] c.c.s.TodoItemRepositoryIntegrationTest  : Starting TodoItemRepositoryIntegrationTest on noteLogic with PID 8293 (/home/logic/teste/spring-boot-server/build/classes/groovy/test started by logic in /home/logic/teste/spring-boot-server)
2017-12-04 15:30:15.797  INFO 8293 --- [    Test worker] c.c.s.TodoItemRepositoryIntegrationTest  : The following profiles are active: test
2017-12-04 15:30:20.533  INFO 8293 --- [    Test worker] c.c.s.TodoItemRepositoryIntegrationTest  : Started TodoItemRepositoryIntegrationTest in 5.034 seconds (JVM running for 6.393)
]]></system-out>
  <system-err><![CDATA[]]></system-err>
</testsuite>
