<?xml version="1.0" encoding="UTF-8"?>
<testsuite name="com.codecrafters.server.TodoItemRestControllerIntegrationTest" tests="4" skipped="0" failures="0" errors="0" timestamp="2017-12-04T17:30:20" hostname="noteLogic" time="2.594">
  <properties/>
  <testcase name="PUT /todos" classname="com.codecrafters.server.TodoItemRestControllerIntegrationTest" time="2.441"/>
  <testcase name="GET /todos" classname="com.codecrafters.server.TodoItemRestControllerIntegrationTest" time="0.051"/>
  <testcase name="GET /todos?text=123543" classname="com.codecrafters.server.TodoItemRestControllerIntegrationTest" time="0.047"/>
  <testcase name="DELETE /todos" classname="com.codecrafters.server.TodoItemRestControllerIntegrationTest" time="0.055"/>
  <system-out><![CDATA[
  .   ____          _            __ _ _
 /\\ / ___'_ __ _ _(_)_ __  __ _ \ \ \ \
( ( )\___ | '_ | '_| | '_ \/ _` | \ \ \ \
 \\/  ___)| |_)| | | | | || (_| |  ) ) ) )
  '  |____| .__|_| |_|_| |_\__, | / / / /
 =========|_|==============|___/=/_/_/_/
 :: Spring Boot ::        (v1.5.4.RELEASE)

2017-12-04 15:30:21.081  INFO 8293 --- [    Test worker] .s.TodoItemRestControllerIntegrationTest : Starting TodoItemRestControllerIntegrationTest on noteLogic with PID 8293 (/home/logic/teste/spring-boot-server/build/classes/groovy/test started by logic in /home/logic/teste/spring-boot-server)
2017-12-04 15:30:21.082  INFO 8293 --- [    Test worker] .s.TodoItemRestControllerIntegrationTest : The following profiles are active: test
2017-12-04 15:30:22.790  INFO 8293 --- [    Test worker] .s.TodoItemRestControllerIntegrationTest : Started TodoItemRestControllerIntegrationTest in 1.876 seconds (JVM running for 8.651)
2017-12-04 15:30:23.326  INFO 8293 --- [qtp105237201-22] c.c.server.TodoItemRestController        : Item saved: TodoItem{id=1, text='Sample text 12354321423'}
2017-12-04 15:30:23.490  INFO 8293 --- [qtp105237201-29] c.c.server.TodoItemRestController        : Item deleted: TodoItem{id=1, text='Sample text 12354321423'}
]]></system-out>
  <system-err><![CDATA[]]></system-err>
</testsuite>
